This file contains any messages produced by compilers while
running configure, to aid debugging if configure makes a mistake.

It was created by configure, which was
generated by GNU Autoconf 2.61.  Invocation command line was

  $ ../../../../newlib-2.2.0/libgloss/doc/configure --disable-option-checking --prefix=/usr/local --with-newlib --with-cross-host=x86_64-unknown-linux-gnu --disable-multilib --program-transform-name=s&^&x86_64-pc-baremetal-& --with-target-subdir=x86_64-pc-baremetal --build=x86_64-unknown-linux-gnu --host=x86_64-pc-baremetal --target=x86_64-pc-baremetal build_alias=x86_64-unknown-linux-gnu host_alias=x86_64-pc-baremetal target_alias=x86_64-pc-baremetal --cache-file=.././config.cache --srcdir=../../../../newlib-2.2.0/libgloss/doc

## --------- ##
## Platform. ##
## --------- ##

hostname = irata-debian
uname -m = x86_64
uname -r = 3.16.0-4-amd64
uname -s = Linux
uname -v = #1 SMP Debian 3.16.7-ckt2-1 (2014-12-08)

/usr/bin/uname -p = unknown
/bin/uname -X     = unknown

/bin/arch              = unknown
/usr/bin/arch -k       = unknown
/usr/convex/getsysinfo = unknown
/usr/bin/hostinfo      = unknown
/bin/machine           = unknown
/usr/bin/oslevel       = unknown
/bin/universe          = unknown

PATH: /home/mntmn/bin
PATH: /usr/local/bin
PATH: /usr/bin
PATH: /bin
PATH: /usr/local/games
PATH: /usr/games
PATH: /home/mntmn/bin
PATH: /home/mntmn/bin


## ----------- ##
## Core tests. ##
## ----------- ##

configure:1525: loading cache .././config.cache
configure:1692: checking for a BSD-compatible install
configure:1748: result: /usr/bin/install -c
configure:1892: creating ./config.status

## ---------------------- ##
## Running config.status. ##
## ---------------------- ##

This file was extended by config.status, which was
generated by GNU Autoconf 2.61.  Invocation command line was

  CONFIG_FILES    = 
  CONFIG_HEADERS  = 
  CONFIG_LINKS    = 
  CONFIG_COMMANDS = 
  $ ./config.status 

on irata-debian

config.status:568: creating Makefile

## ---------------- ##
## Cache variables. ##
## ---------------- ##

ac_cv_build=x86_64-unknown-linux-gnu
ac_cv_c_compiler_gnu=yes
ac_cv_env_CCASFLAGS_set=
ac_cv_env_CCASFLAGS_value=
ac_cv_env_CCAS_set=
ac_cv_env_CCAS_value=
ac_cv_env_build_alias_set=set
ac_cv_env_build_alias_value=x86_64-unknown-linux-gnu
ac_cv_env_host_alias_set=set
ac_cv_env_host_alias_value=x86_64-pc-baremetal
ac_cv_env_target_alias_set=set
ac_cv_env_target_alias_value=x86_64-pc-baremetal
ac_cv_host=x86_64-pc-baremetal
ac_cv_prog_AR=ar
ac_cv_prog_AWK=gawk
ac_cv_prog_CC='cc -B/home/mntmn/code/BareMetal/newlib/build/x86_64-pc-baremetal/newlib/ -isystem /home/mntmn/code/BareMetal/newlib/build/x86_64-pc-baremetal/newlib/targ-include -isystem /home/mntmn/code/BareMetal/newlib/newlib-2.2.0/newlib/libc/include -B/home/mntmn/code/BareMetal/newlib/build/x86_64-pc-baremetal/libgloss/x86_64 -L/home/mntmn/code/BareMetal/newlib/build/x86_64-pc-baremetal/libgloss/libnosys -L/home/mntmn/code/BareMetal/newlib/newlib-2.2.0/libgloss/x86_64   '
ac_cv_prog_RANLIB=ranlib
ac_cv_prog_STRIP=strip
ac_cv_prog_cc_g=no
ac_cv_prog_make_make_set=yes
ac_cv_target=x86_64-pc-baremetal
am_cv_CC_dependencies_compiler_type=gcc3

## ----------------- ##
## Output variables. ##
## ----------------- ##

DEFS='-DPACKAGE_NAME=\"\" -DPACKAGE_TARNAME=\"\" -DPACKAGE_VERSION=\"\" -DPACKAGE_STRING=\"\" -DPACKAGE_BUGREPORT=\"\"'
ECHO_C=''
ECHO_N='-n'
ECHO_T=''
INSTALL_DATA='/usr/bin/install -c -m 644'
INSTALL_PROGRAM='/usr/bin/install -c'
INSTALL_SCRIPT='/usr/bin/install -c'
LIBOBJS=''
LIBS=''
LTLIBOBJS=''
PACKAGE_BUGREPORT=''
PACKAGE_NAME=''
PACKAGE_STRING=''
PACKAGE_TARNAME=''
PACKAGE_VERSION=''
PATH_SEPARATOR=':'
SHELL='/bin/bash'
bindir='${exec_prefix}/bin'
build_alias='x86_64-unknown-linux-gnu'
datadir='${datarootdir}'
datarootdir='${prefix}/share'
docdir='${datarootdir}/doc/${PACKAGE}'
dvidir='${docdir}'
exec_prefix='${prefix}'
host_alias='x86_64-pc-baremetal'
htmldir='${docdir}'
includedir='${prefix}/include'
infodir='${datarootdir}/info'
libdir='${exec_prefix}/lib'
libexecdir='${exec_prefix}/libexec'
localedir='${datarootdir}/locale'
localstatedir='${prefix}/var'
mandir='${datarootdir}/man'
oldincludedir='/usr/include'
pdfdir='${docdir}'
prefix='/usr/local'
program_transform_name='s&^&x86_64-pc-baremetal-&'
psdir='${docdir}'
sbindir='${exec_prefix}/sbin'
sharedstatedir='${prefix}/com'
sysconfdir='${prefix}/etc'
target_alias='x86_64-pc-baremetal'

## ----------- ##
## confdefs.h. ##
## ----------- ##

#define PACKAGE_NAME ""
#define PACKAGE_TARNAME ""
#define PACKAGE_VERSION ""
#define PACKAGE_STRING ""
#define PACKAGE_BUGREPORT ""

configure: exit 0
