This file contains any messages produced by compilers while
running configure, to aid debugging if configure makes a mistake.

It was created by configure, which was
generated by GNU Autoconf 2.64.  Invocation command line was

  $ ../newlib-2.2.0/configure --target=x86_64-pc-baremetal --disable-multilib

## --------- ##
## Platform. ##
## --------- ##

hostname = irata-debian
uname -m = x86_64
uname -r = 3.16.0-4-amd64
uname -s = Linux
uname -v = #1 SMP Debian 3.16.7-ckt2-1 (2014-12-08)

/usr/bin/uname -p = unknown
/bin/uname -X     = unknown

/bin/arch              = unknown
/usr/bin/arch -k       = unknown
/usr/convex/getsysinfo = unknown
/usr/bin/hostinfo      = unknown
/bin/machine           = unknown
/usr/bin/oslevel       = unknown
/bin/universe          = unknown

PATH: /home/mntmn/bin
PATH: /usr/local/bin
PATH: /usr/bin
PATH: /bin
PATH: /usr/local/games
PATH: /usr/games
PATH: /home/mntmn/bin
PATH: /home/mntmn/bin


## ----------- ##
## Core tests. ##
## ----------- ##

configure:2320: checking build system type
configure:2334: result: x86_64-unknown-linux-gnu
configure:2381: checking host system type
configure:2394: result: x86_64-unknown-linux-gnu
configure:2414: checking target system type
configure:2427: result: x86_64-pc-baremetal
configure:2481: checking for a BSD-compatible install
configure:2549: result: /usr/bin/install -c
configure:2560: checking whether ln works
configure:2582: result: yes
configure:2586: checking whether ln -s works
configure:2590: result: yes
configure:2597: checking for a sed that does not truncate output
configure:2661: result: /bin/sed
configure:2670: checking for gawk
configure:2686: found /usr/bin/gawk
configure:2697: result: gawk
configure:3965: checking for gcc
configure:3981: found /usr/bin/gcc
configure:3992: result: gcc
configure:4221: checking for C compiler version
configure:4230: gcc --version >&5
gcc (Debian 4.9.1-19) 4.9.1
Copyright (C) 2014 Free Software Foundation, Inc.
This is free software; see the source for copying conditions.  There is NO
warranty; not even for MERCHANTABILITY or FITNESS FOR A PARTICULAR PURPOSE.

configure:4241: $? = 0
configure:4230: gcc -v >&5
Using built-in specs.
COLLECT_GCC=gcc
COLLECT_LTO_WRAPPER=/usr/lib/gcc/x86_64-linux-gnu/4.9/lto-wrapper
Target: x86_64-linux-gnu
Configured with: ../src/configure -v --with-pkgversion='Debian 4.9.1-19' --with-bugurl=file:///usr/share/doc/gcc-4.9/README.Bugs --enable-languages=c,c++,java,go,d,fortran,objc,obj-c++ --prefix=/usr --program-suffix=-4.9 --enable-shared --enable-linker-build-id --libexecdir=/usr/lib --without-included-gettext --enable-threads=posix --with-gxx-include-dir=/usr/include/c++/4.9 --libdir=/usr/lib --enable-nls --with-sysroot=/ --enable-clocale=gnu --enable-libstdcxx-debug --enable-libstdcxx-time=yes --enable-gnu-unique-object --disable-vtable-verify --enable-plugin --with-system-zlib --disable-browser-plugin --enable-java-awt=gtk --enable-gtk-cairo --with-java-home=/usr/lib/jvm/java-1.5.0-gcj-4.9-amd64/jre --enable-java-home --with-jvm-root-dir=/usr/lib/jvm/java-1.5.0-gcj-4.9-amd64 --with-jvm-jar-dir=/usr/lib/jvm-exports/java-1.5.0-gcj-4.9-amd64 --with-arch-directory=amd64 --with-ecj-jar=/usr/share/java/eclipse-ecj.jar --enable-objc-gc --enable-multiarch --with-arch-32=i586 --with-abi=m64 --with-multilib-list=m32,m64,mx32 --enable-multilib --with-tune=generic --enable-checking=release --build=x86_64-linux-gnu --host=x86_64-linux-gnu --target=x86_64-linux-gnu
Thread model: posix
gcc version 4.9.1 (Debian 4.9.1-19) 
configure:4241: $? = 0
configure:4230: gcc -V >&5
gcc: error: unrecognized command line option '-V'
gcc: fatal error: no input files
compilation terminated.
configure:4241: $? = 4
configure:4230: gcc -qversion >&5
gcc: error: unrecognized command line option '-qversion'
gcc: fatal error: no input files
compilation terminated.
configure:4241: $? = 4
configure:4261: checking for C compiler default output file name
configure:4283: gcc    conftest.c  >&5
configure:4287: $? = 0
configure:4324: result: a.out
configure:4340: checking whether the C compiler works
configure:4349: ./a.out
configure:4353: $? = 0
configure:4368: result: yes
configure:4375: checking whether we are cross compiling
configure:4377: result: no
configure:4380: checking for suffix of executables
configure:4387: gcc -o conftest    conftest.c  >&5
configure:4391: $? = 0
configure:4413: result: 
configure:4419: checking for suffix of object files
configure:4441: gcc -c   conftest.c >&5
configure:4445: $? = 0
configure:4466: result: o
configure:4470: checking whether we are using the GNU C compiler
configure:4489: gcc -c   conftest.c >&5
configure:4489: $? = 0
configure:4498: result: yes
configure:4507: checking whether gcc accepts -g
configure:4527: gcc -c -g  conftest.c >&5
configure:4527: $? = 0
configure:4568: result: yes
configure:4585: checking for gcc option to accept ISO C89
configure:4649: gcc  -c -g -O2  conftest.c >&5
configure:4649: $? = 0
configure:4662: result: none needed
configure:4740: checking for g++
configure:4756: found /usr/bin/g++
configure:4767: result: g++
configure:4794: checking for C++ compiler version
configure:4803: g++ --version >&5
g++ (Debian 4.9.1-19) 4.9.1
Copyright (C) 2014 Free Software Foundation, Inc.
This is free software; see the source for copying conditions.  There is NO
warranty; not even for MERCHANTABILITY or FITNESS FOR A PARTICULAR PURPOSE.

configure:4814: $? = 0
configure:4803: g++ -v >&5
Using built-in specs.
COLLECT_GCC=g++
COLLECT_LTO_WRAPPER=/usr/lib/gcc/x86_64-linux-gnu/4.9/lto-wrapper
Target: x86_64-linux-gnu
Configured with: ../src/configure -v --with-pkgversion='Debian 4.9.1-19' --with-bugurl=file:///usr/share/doc/gcc-4.9/README.Bugs --enable-languages=c,c++,java,go,d,fortran,objc,obj-c++ --prefix=/usr --program-suffix=-4.9 --enable-shared --enable-linker-build-id --libexecdir=/usr/lib --without-included-gettext --enable-threads=posix --with-gxx-include-dir=/usr/include/c++/4.9 --libdir=/usr/lib --enable-nls --with-sysroot=/ --enable-clocale=gnu --enable-libstdcxx-debug --enable-libstdcxx-time=yes --enable-gnu-unique-object --disable-vtable-verify --enable-plugin --with-system-zlib --disable-browser-plugin --enable-java-awt=gtk --enable-gtk-cairo --with-java-home=/usr/lib/jvm/java-1.5.0-gcj-4.9-amd64/jre --enable-java-home --with-jvm-root-dir=/usr/lib/jvm/java-1.5.0-gcj-4.9-amd64 --with-jvm-jar-dir=/usr/lib/jvm-exports/java-1.5.0-gcj-4.9-amd64 --with-arch-directory=amd64 --with-ecj-jar=/usr/share/java/eclipse-ecj.jar --enable-objc-gc --enable-multiarch --with-arch-32=i586 --with-abi=m64 --with-multilib-list=m32,m64,mx32 --enable-multilib --with-tune=generic --enable-checking=release --build=x86_64-linux-gnu --host=x86_64-linux-gnu --target=x86_64-linux-gnu
Thread model: posix
gcc version 4.9.1 (Debian 4.9.1-19) 
configure:4814: $? = 0
configure:4803: g++ -V >&5
g++: error: unrecognized command line option '-V'
g++: fatal error: no input files
compilation terminated.
configure:4814: $? = 4
configure:4803: g++ -qversion >&5
g++: error: unrecognized command line option '-qversion'
g++: fatal error: no input files
compilation terminated.
configure:4814: $? = 4
configure:4818: checking whether we are using the GNU C++ compiler
configure:4837: g++ -c   conftest.cpp >&5
configure:4837: $? = 0
configure:4846: result: yes
configure:4855: checking whether g++ accepts -g
configure:4875: g++ -c -g  conftest.cpp >&5
configure:4875: $? = 0
configure:4916: result: yes
configure:4965: checking whether g++ accepts -static-libstdc++ -static-libgcc
configure:4982: g++ -o conftest -g -O2   -static-libstdc++ -static-libgcc conftest.cpp  >&5
configure:4982: $? = 0
configure:4983: result: yes
configure:5047: checking for gnatbind
configure:5077: result: no
configure:5139: checking for gnatmake
configure:5169: result: no
configure:5188: checking whether compiler driver understands Ada
configure:5211: result: no
configure:5220: checking how to compare bootstrapped objects
configure:5245: result: cmp --ignore-initial=16 $$f1 $$f2
configure:5299: checking for objdir
configure:5314: result: .libs
configure:5886: checking for version 0.11 of ISL
configure:5905: gcc -o conftest -g -O2      conftest.c  -lisl >&5
conftest.c:10:25: fatal error: isl/version.h: No such file or directory
 #include <isl/version.h>
                         ^
compilation terminated.
configure:5905: $? = 1
configure: program exited with status 1
configure: failed program was:
| /* confdefs.h */
| #define PACKAGE_NAME ""
| #define PACKAGE_TARNAME ""
| #define PACKAGE_VERSION ""
| #define PACKAGE_STRING ""
| #define PACKAGE_BUGREPORT ""
| #define PACKAGE_URL ""
| #define LT_OBJDIR ".libs/"
| /* end confdefs.h.  */
| #include <isl/version.h>
|    #include <string.h>
| int
| main ()
| {
| if (strncmp (isl_version (), "isl-0.11", strlen ("isl-0.11")) != 0)
|      return 1;
| 
|   ;
|   return 0;
| }
configure:5914: result: no
configure:5934: checking for version 0.12 of ISL
configure:5953: gcc -o conftest -g -O2      conftest.c  -lisl >&5
conftest.c:10:25: fatal error: isl/version.h: No such file or directory
 #include <isl/version.h>
                         ^
compilation terminated.
configure:5953: $? = 1
configure: program exited with status 1
configure: failed program was:
| /* confdefs.h */
| #define PACKAGE_NAME ""
| #define PACKAGE_TARNAME ""
| #define PACKAGE_VERSION ""
| #define PACKAGE_STRING ""
| #define PACKAGE_BUGREPORT ""
| #define PACKAGE_URL ""
| #define LT_OBJDIR ".libs/"
| /* end confdefs.h.  */
| #include <isl/version.h>
|    #include <string.h>
| int
| main ()
| {
| if (strncmp (isl_version (), "isl-0.12", strlen ("isl-0.12")) != 0)
|      return 1;
| 
|   ;
|   return 0;
| }
configure:5962: result: no
configure:7127: checking for default BUILD_CONFIG
configure:7159: result: 
configure:7648: checking for bison
configure:7678: result: no
configure:7648: checking for byacc
configure:7678: result: no
configure:7648: checking for yacc
configure:7678: result: no
configure:7695: checking for bison
configure:7725: result: no
configure:7742: checking for gm4
configure:7772: result: no
configure:7742: checking for gnum4
configure:7772: result: no
configure:7742: checking for m4
configure:7758: found /usr/bin/m4
configure:7769: result: m4
configure:7789: checking for flex
configure:7819: result: no
configure:7789: checking for lex
configure:7819: result: no
configure:7837: checking for flex
configure:7867: result: no
configure:7884: checking for makeinfo
configure:7900: found /usr/bin/makeinfo
configure:7911: result: makeinfo
configure:7945: checking for expect
configure:7975: result: no
configure:7994: checking for runtest
configure:8024: result: no
configure:8139: checking for ar
configure:8155: found /usr/bin/ar
configure:8166: result: ar
configure:8280: checking for as
configure:8296: found /usr/bin/as
configure:8307: result: as
configure:8421: checking for dlltool
configure:8451: result: no
configure:8562: checking for ld
configure:8578: found /usr/bin/ld
configure:8589: result: ld
configure:8703: checking for lipo
configure:8733: result: no
configure:8844: checking for nm
configure:8860: found /usr/bin/nm
configure:8871: result: nm
configure:8985: checking for ranlib
configure:9001: found /usr/bin/ranlib
configure:9012: result: ranlib
configure:9121: checking for strip
configure:9137: found /usr/bin/strip
configure:9148: result: strip
configure:9257: checking for windres
configure:9287: result: no
configure:9398: checking for windmc
configure:9428: result: no
configure:9539: checking for objcopy
configure:9555: found /usr/bin/objcopy
configure:9566: result: objcopy
configure:9680: checking for objdump
configure:9696: found /usr/bin/objdump
configure:9707: result: objdump
configure:9821: checking for readelf
configure:9837: found /usr/bin/readelf
configure:9848: result: readelf
configure:9962: checking for x86_64-pc-baremetal-cc
configure:9992: result: no
configure:9962: checking for x86_64-pc-baremetal-gcc
configure:9992: result: no
configure:10123: checking for x86_64-pc-baremetal-c++
configure:10153: result: no
configure:10123: checking for x86_64-pc-baremetal-g++
configure:10153: result: no
configure:10123: checking for x86_64-pc-baremetal-cxx
configure:10153: result: no
configure:10123: checking for x86_64-pc-baremetal-gxx
configure:10153: result: no
configure:10284: checking for x86_64-pc-baremetal-gcc
configure:10314: result: no
configure:10440: checking for x86_64-pc-baremetal-gcj
configure:10470: result: no
configure:10601: checking for x86_64-pc-baremetal-gfortran
configure:10631: result: no
configure:10762: checking for x86_64-pc-baremetal-gccgo
configure:10792: result: no
configure:11003: checking for x86_64-pc-baremetal-ar
configure:11033: result: no
configure:11233: checking for x86_64-pc-baremetal-as
configure:11263: result: no
configure:11463: checking for x86_64-pc-baremetal-dlltool
configure:11493: result: no
configure:11693: checking for x86_64-pc-baremetal-ld
configure:11723: result: no
configure:11923: checking for x86_64-pc-baremetal-lipo
configure:11953: result: no
configure:12153: checking for x86_64-pc-baremetal-nm
configure:12183: result: no
configure:12383: checking for x86_64-pc-baremetal-objdump
configure:12413: result: no
configure:12613: checking for x86_64-pc-baremetal-ranlib
configure:12643: result: no
configure:12843: checking for x86_64-pc-baremetal-readelf
configure:12873: result: no
configure:13073: checking for x86_64-pc-baremetal-strip
configure:13103: result: no
configure:13303: checking for x86_64-pc-baremetal-windres
configure:13333: result: no
configure:13533: checking for x86_64-pc-baremetal-windmc
configure:13563: result: no
configure:13630: checking where to find the target ar
configure:13667: result: pre-installed
configure:13672: checking where to find the target as
configure:13709: result: pre-installed
configure:13714: checking where to find the target cc
configure:13751: result: pre-installed
configure:13756: checking where to find the target c++
configure:13796: result: pre-installed
configure:13801: checking where to find the target c++ for libstdc++
configure:13841: result: pre-installed
configure:13846: checking where to find the target dlltool
configure:13883: result: pre-installed
configure:13888: checking where to find the target gcc
configure:13925: result: pre-installed
configure:13930: checking where to find the target gcj
configure:13970: result: pre-installed
configure:13975: checking where to find the target gfortran
configure:14015: result: pre-installed
configure:14020: checking where to find the target gccgo
configure:14060: result: pre-installed
configure:14065: checking where to find the target ld
configure:14102: result: pre-installed
configure:14107: checking where to find the target lipo
configure:14133: result: pre-installed
configure:14138: checking where to find the target nm
configure:14175: result: pre-installed
configure:14180: checking where to find the target objdump
configure:14217: result: pre-installed
configure:14222: checking where to find the target ranlib
configure:14259: result: pre-installed
configure:14264: checking where to find the target readelf
configure:14301: result: pre-installed
configure:14306: checking where to find the target strip
configure:14343: result: pre-installed
configure:14348: checking where to find the target windres
configure:14385: result: pre-installed
configure:14390: checking where to find the target windmc
configure:14427: result: pre-installed
configure:14460: checking whether to enable maintainer-specific portions of Makefiles
configure:14469: result: no
configure:14690: creating ./config.status

## ---------------------- ##
## Running config.status. ##
## ---------------------- ##

This file was extended by config.status, which was
generated by GNU Autoconf 2.64.  Invocation command line was

  CONFIG_FILES    = 
  CONFIG_HEADERS  = 
  CONFIG_LINKS    = 
  CONFIG_COMMANDS = 
  $ ./config.status 

on irata-debian

config.status:909: creating Makefile

## ---------------- ##
## Cache variables. ##
## ---------------- ##

ac_cv_build=x86_64-unknown-linux-gnu
ac_cv_c_compiler_gnu=yes
ac_cv_cxx_compiler_gnu=yes
ac_cv_env_AR_FOR_TARGET_set=
ac_cv_env_AR_FOR_TARGET_value=
ac_cv_env_AR_set=
ac_cv_env_AR_value=
ac_cv_env_AS_FOR_TARGET_set=
ac_cv_env_AS_FOR_TARGET_value=
ac_cv_env_AS_set=
ac_cv_env_AS_value=
ac_cv_env_CCC_set=
ac_cv_env_CCC_value=
ac_cv_env_CC_FOR_TARGET_set=
ac_cv_env_CC_FOR_TARGET_value=
ac_cv_env_CC_set=
ac_cv_env_CC_value=
ac_cv_env_CFLAGS_set=
ac_cv_env_CFLAGS_value=
ac_cv_env_CPPFLAGS_set=
ac_cv_env_CPPFLAGS_value=
ac_cv_env_CXXFLAGS_set=
ac_cv_env_CXXFLAGS_value=
ac_cv_env_CXX_FOR_TARGET_set=
ac_cv_env_CXX_FOR_TARGET_value=
ac_cv_env_CXX_set=
ac_cv_env_CXX_value=
ac_cv_env_DLLTOOL_FOR_TARGET_set=
ac_cv_env_DLLTOOL_FOR_TARGET_value=
ac_cv_env_DLLTOOL_set=
ac_cv_env_DLLTOOL_value=
ac_cv_env_GCC_FOR_TARGET_set=
ac_cv_env_GCC_FOR_TARGET_value=
ac_cv_env_GCJ_FOR_TARGET_set=
ac_cv_env_GCJ_FOR_TARGET_value=
ac_cv_env_GFORTRAN_FOR_TARGET_set=
ac_cv_env_GFORTRAN_FOR_TARGET_value=
ac_cv_env_GOC_FOR_TARGET_set=
ac_cv_env_GOC_FOR_TARGET_value=
ac_cv_env_LDFLAGS_set=
ac_cv_env_LDFLAGS_value=
ac_cv_env_LD_FOR_TARGET_set=
ac_cv_env_LD_FOR_TARGET_value=
ac_cv_env_LD_set=
ac_cv_env_LD_value=
ac_cv_env_LIBS_set=
ac_cv_env_LIBS_value=
ac_cv_env_LIPO_FOR_TARGET_set=
ac_cv_env_LIPO_FOR_TARGET_value=
ac_cv_env_LIPO_set=
ac_cv_env_LIPO_value=
ac_cv_env_NM_FOR_TARGET_set=
ac_cv_env_NM_FOR_TARGET_value=
ac_cv_env_NM_set=
ac_cv_env_NM_value=
ac_cv_env_OBJCOPY_set=
ac_cv_env_OBJCOPY_value=
ac_cv_env_OBJDUMP_FOR_TARGET_set=
ac_cv_env_OBJDUMP_FOR_TARGET_value=
ac_cv_env_OBJDUMP_set=
ac_cv_env_OBJDUMP_value=
ac_cv_env_RANLIB_FOR_TARGET_set=
ac_cv_env_RANLIB_FOR_TARGET_value=
ac_cv_env_RANLIB_set=
ac_cv_env_RANLIB_value=
ac_cv_env_READELF_FOR_TARGET_set=
ac_cv_env_READELF_FOR_TARGET_value=
ac_cv_env_READELF_set=
ac_cv_env_READELF_value=
ac_cv_env_STRIP_FOR_TARGET_set=
ac_cv_env_STRIP_FOR_TARGET_value=
ac_cv_env_STRIP_set=
ac_cv_env_STRIP_value=
ac_cv_env_WINDMC_FOR_TARGET_set=
ac_cv_env_WINDMC_FOR_TARGET_value=
ac_cv_env_WINDMC_set=
ac_cv_env_WINDMC_value=
ac_cv_env_WINDRES_FOR_TARGET_set=
ac_cv_env_WINDRES_FOR_TARGET_value=
ac_cv_env_WINDRES_set=
ac_cv_env_WINDRES_value=
ac_cv_env_build_alias_set=
ac_cv_env_build_alias_value=
ac_cv_env_build_configargs_set=
ac_cv_env_build_configargs_value=
ac_cv_env_host_alias_set=
ac_cv_env_host_alias_value=
ac_cv_env_host_configargs_set=
ac_cv_env_host_configargs_value=
ac_cv_env_target_alias_set=set
ac_cv_env_target_alias_value=x86_64-pc-baremetal
ac_cv_env_target_configargs_set=
ac_cv_env_target_configargs_value=
ac_cv_host=x86_64-unknown-linux-gnu
ac_cv_objext=o
ac_cv_path_SED=/bin/sed
ac_cv_path_install='/usr/bin/install -c'
ac_cv_prog_AR=ar
ac_cv_prog_AS=as
ac_cv_prog_AWK=gawk
ac_cv_prog_LD=ld
ac_cv_prog_M4=m4
ac_cv_prog_MAKEINFO=makeinfo
ac_cv_prog_NM=nm
ac_cv_prog_OBJCOPY=objcopy
ac_cv_prog_OBJDUMP=objdump
ac_cv_prog_RANLIB=ranlib
ac_cv_prog_READELF=readelf
ac_cv_prog_STRIP=strip
ac_cv_prog_ac_ct_CC=gcc
ac_cv_prog_ac_ct_CXX=g++
ac_cv_prog_cc_c89=
ac_cv_prog_cc_g=yes
ac_cv_prog_cxx_g=yes
ac_cv_target=x86_64-pc-baremetal
acx_cv_cc_gcc_supports_ada=no
acx_cv_prog_LN=ln
gcc_cv_isl=no
gcc_cv_prog_cmp_skip='cmp --ignore-initial=16 $$f1 $$f2'
gcc_cv_tool_dirs=
gcc_cv_tool_prefix=/usr/local
lt_cv_objdir=.libs

## ----------------- ##
## Output variables. ##
## ----------------- ##

AR='ar'
AR_FOR_BUILD='$(AR)'
AR_FOR_TARGET='x86_64-pc-baremetal-ar'
AS='as'
AS_FOR_BUILD='$(AS)'
AS_FOR_TARGET='x86_64-pc-baremetal-as'
AWK='gawk'
BISON='/home/mntmn/code/BareMetal/newlib/newlib-2.2.0/missing bison'
BUILD_CONFIG=''
CC='gcc'
CC_FOR_BUILD='$(CC)'
CC_FOR_TARGET='x86_64-pc-baremetal-cc'
CFLAGS='-g -O2'
CFLAGS_FOR_BUILD='-g -O2'
CFLAGS_FOR_TARGET='-g -O2'
COMPILER_AS_FOR_TARGET='$(AS_FOR_TARGET)'
COMPILER_LD_FOR_TARGET='$(LD_FOR_TARGET)'
COMPILER_NM_FOR_TARGET='$(NM_FOR_TARGET)'
CONFIGURE_GDB_TK=''
CPPFLAGS=''
CXX='g++'
CXXFLAGS='-g -O2'
CXXFLAGS_FOR_BUILD='-g -O2'
CXXFLAGS_FOR_TARGET='-g -O2'
CXX_FOR_BUILD='$(CXX)'
CXX_FOR_TARGET='x86_64-pc-baremetal-c++'
DEBUG_PREFIX_CFLAGS_FOR_TARGET=''
DEFS='-DPACKAGE_NAME=\"\" -DPACKAGE_TARNAME=\"\" -DPACKAGE_VERSION=\"\" -DPACKAGE_STRING=\"\" -DPACKAGE_BUGREPORT=\"\" -DPACKAGE_URL=\"\" -DLT_OBJDIR=\".libs/\"'
DLLTOOL='dlltool'
DLLTOOL_FOR_BUILD='$(DLLTOOL)'
DLLTOOL_FOR_TARGET='x86_64-pc-baremetal-dlltool'
ECHO_C=''
ECHO_N='-n'
ECHO_T=''
EXEEXT=''
EXPECT='expect'
EXTRA_CONFIGARGS_LIBJAVA='--disable-static'
FLAGS_FOR_TARGET=' -B$$r/$(TARGET_SUBDIR)/newlib/ -isystem $$r/$(TARGET_SUBDIR)/newlib/targ-include -isystem $$s/newlib/libc/include -B$$r/$(TARGET_SUBDIR)/libgloss/x86_64 -L$$r/$(TARGET_SUBDIR)/libgloss/libnosys -L$$s/libgloss/x86_64'
FLEX='/home/mntmn/code/BareMetal/newlib/newlib-2.2.0/missing flex'
GCC_FOR_TARGET='x86_64-pc-baremetal-gcc'
GCC_SHLIB_SUBDIR=''
GCJ_FOR_BUILD='$(GCJ)'
GCJ_FOR_TARGET='x86_64-pc-baremetal-gcj'
GDB_TK=''
GFORTRAN_FOR_BUILD='$(GFORTRAN)'
GFORTRAN_FOR_TARGET='x86_64-pc-baremetal-gfortran'
GNATBIND='no'
GNATMAKE='no'
GOC_FOR_BUILD='$(GOC)'
GOC_FOR_TARGET='x86_64-pc-baremetal-gccgo'
INSTALL_DATA='${INSTALL} -m 644'
INSTALL_GDB_TK=''
INSTALL_PROGRAM='${INSTALL}'
INSTALL_SCRIPT='${INSTALL}'
LD='ld'
LDFLAGS=''
LDFLAGS_FOR_BUILD=''
LDFLAGS_FOR_TARGET=''
LD_FOR_BUILD='$(LD)'
LD_FOR_TARGET='x86_64-pc-baremetal-ld'
LEX='/home/mntmn/code/BareMetal/newlib/newlib-2.2.0/missing flex'
LIBOBJS=''
LIBS=''
LIPO='lipo'
LIPO_FOR_TARGET='x86_64-pc-baremetal-lipo'
LN='ln'
LN_S='ln -s'
LTLIBOBJS=''
M4='m4'
MAINT='#'
MAINTAINER_MODE_FALSE=''
MAINTAINER_MODE_TRUE='#'
MAKEINFO='makeinfo'
NM='nm'
NM_FOR_BUILD='$(NM)'
NM_FOR_TARGET='x86_64-pc-baremetal-nm'
OBJCOPY='objcopy'
OBJDUMP='objdump'
OBJDUMP_FOR_TARGET='x86_64-pc-baremetal-objdump'
OBJEXT='o'
PACKAGE_BUGREPORT=''
PACKAGE_NAME=''
PACKAGE_STRING=''
PACKAGE_TARNAME=''
PACKAGE_URL=''
PACKAGE_VERSION=''
PATH_SEPARATOR=':'
RANLIB='ranlib'
RANLIB_FOR_BUILD='$(RANLIB)'
RANLIB_FOR_TARGET='x86_64-pc-baremetal-ranlib'
RAW_CXX_FOR_TARGET='x86_64-pc-baremetal-c++'
READELF='readelf'
READELF_FOR_TARGET='x86_64-pc-baremetal-readelf'
RPATH_ENVVAR='LD_LIBRARY_PATH'
RUNTEST='runtest'
SED='/bin/sed'
SHELL='/bin/bash'
STRIP='strip'
STRIP_FOR_TARGET='x86_64-pc-baremetal-strip'
SYSROOT_CFLAGS_FOR_TARGET=''
TOPLEVEL_CONFIGURE_ARGUMENTS='../newlib-2.2.0/configure --target=x86_64-pc-baremetal --disable-multilib'
WINDMC='windmc'
WINDMC_FOR_BUILD='$(WINDMC)'
WINDMC_FOR_TARGET='x86_64-pc-baremetal-windmc'
WINDRES='windres'
WINDRES_FOR_BUILD='$(WINDRES)'
WINDRES_FOR_TARGET='x86_64-pc-baremetal-windres'
YACC='/home/mntmn/code/BareMetal/newlib/newlib-2.2.0/missing bison -y'
ac_ct_CC='gcc'
ac_ct_CXX='g++'
bindir='${exec_prefix}/bin'
build='x86_64-unknown-linux-gnu'
build_alias=''
build_configargs=' --cache-file=../config.cache '\''--disable-multilib'\'' --program-transform-name='\''s&^&x86_64-pc-baremetal-&'\'' --disable-option-checking'
build_configdirs=''
build_cpu='x86_64'
build_libsubdir='build-x86_64-unknown-linux-gnu'
build_noncanonical='x86_64-unknown-linux-gnu'
build_os='linux-gnu'
build_subdir='build-x86_64-unknown-linux-gnu'
build_tooldir='${exec_prefix}/x86_64-pc-baremetal'
build_vendor='unknown'
clooginc=''
clooglibs=''
compare_exclusions='gcc/cc*-checksum$(objext) | gcc/ada/*tools/*'
configdirs=' etc'
datadir='${datarootdir}'
datarootdir='${prefix}/share'
do_compare='cmp --ignore-initial=16 $$f1 $$f2'
docdir='${datarootdir}/doc/${PACKAGE}'
dvidir='${docdir}'
exec_prefix='${prefix}'
extra_host_libiberty_configure_flags=''
extra_isl_gmp_configure_flags=''
extra_mpc_gmp_configure_flags=''
extra_mpc_mpfr_configure_flags=''
extra_mpfr_configure_flags=''
gmpinc=''
gmplibs='-lmpc -lmpfr -lgmp'
host='x86_64-unknown-linux-gnu'
host_alias=''
host_configargs=' --cache-file=./config.cache  --with-system-zlib --with-newlib '\''--disable-multilib'\'' --program-transform-name='\''s&^&x86_64-pc-baremetal-&'\'' --disable-option-checking'
host_cpu='x86_64'
host_noncanonical='x86_64-unknown-linux-gnu'
host_os='linux-gnu'
host_shared='no'
host_subdir='.'
host_vendor='unknown'
htmldir='${docdir}'
includedir='${prefix}/include'
infodir='${datarootdir}/info'
islinc=''
libdir='${exec_prefix}/lib'
libexecdir='${exec_prefix}/libexec'
localedir='${datarootdir}/locale'
localstatedir='${prefix}/var'
mandir='${datarootdir}/man'
oldincludedir='/usr/include'
pdfdir='${docdir}'
poststage1_ldflags='-static-libstdc++ -static-libgcc'
poststage1_libs=''
prefix='/usr/local'
program_transform_name='s&^&x86_64-pc-baremetal-&'
psdir='${docdir}'
sbindir='${exec_prefix}/sbin'
sharedstatedir='${prefix}/com'
stage1_cflags='-g'
stage1_checking='--enable-checking=yes,types'
stage1_languages=',c,'
stage1_ldflags='-static-libstdc++ -static-libgcc'
stage1_libs=''
stage2_werror_flag=''
sysconfdir='${prefix}/etc'
target='x86_64-pc-baremetal'
target_alias='x86_64-pc-baremetal'
target_configargs='--cache-file=./config.cache --with-newlib --with-cross-host=x86_64-unknown-linux-gnu   '\''--disable-multilib'\'' --program-transform-name='\''s&^&x86_64-pc-baremetal-&'\'' --disable-option-checking'
target_configdirs=' libgloss newlib'
target_cpu='x86_64'
target_noncanonical='x86_64-pc-baremetal'
target_os='baremetal'
target_subdir='x86_64-pc-baremetal'
target_vendor='pc'
tooldir='${exec_prefix}/x86_64-pc-baremetal'

## ------------------- ##
## File substitutions. ##
## ------------------- ##

alphaieee_frag='/dev/null'
host_makefile_frag='/dev/null'
ospace_frag='/dev/null'
serialization_dependencies='serdep.tmp'
target_makefile_frag='/dev/null'

## ----------- ##
## confdefs.h. ##
## ----------- ##

/* confdefs.h */
#define PACKAGE_NAME ""
#define PACKAGE_TARNAME ""
#define PACKAGE_VERSION ""
#define PACKAGE_STRING ""
#define PACKAGE_BUGREPORT ""
#define PACKAGE_URL ""
#define LT_OBJDIR ".libs/"

configure: exit 0
