This file contains any messages produced by compilers while
running configure, to aid debugging if configure makes a mistake.

It was created by libgloss configure LIBGLOSS_VERSION, which was
generated by GNU Autoconf 2.68.  Invocation command line was

  $ /home/mntmn/code/BareMetal/newlib/newlib-2.2.0/libgloss/configure --cache-file=./config.cache --with-newlib --with-cross-host=x86_64-unknown-linux-gnu --disable-multilib --program-transform-name=s&^&x86_64-pc-baremetal-& --disable-option-checking --with-target-subdir=x86_64-pc-baremetal --build=x86_64-unknown-linux-gnu --host=x86_64-pc-baremetal --target=x86_64-pc-baremetal --srcdir=../../../newlib-2.2.0/libgloss

## --------- ##
## Platform. ##
## --------- ##

hostname = irata-debian
uname -m = x86_64
uname -r = 3.16.0-4-amd64
uname -s = Linux
uname -v = #1 SMP Debian 3.16.7-ckt2-1 (2014-12-08)

/usr/bin/uname -p = unknown
/bin/uname -X     = unknown

/bin/arch              = unknown
/usr/bin/arch -k       = unknown
/usr/convex/getsysinfo = unknown
/usr/bin/hostinfo      = unknown
/bin/machine           = unknown
/usr/bin/oslevel       = unknown
/bin/universe          = unknown

PATH: /home/mntmn/bin
PATH: /usr/local/bin
PATH: /usr/bin
PATH: /bin
PATH: /usr/local/games
PATH: /usr/games
PATH: /home/mntmn/bin
PATH: /home/mntmn/bin


## ----------- ##
## Core tests. ##
## ----------- ##

configure:1733: creating cache ./config.cache
configure:1865: checking for a BSD-compatible install
configure:1933: result: /usr/bin/install -c
configure:1949: checking build system type
configure:1963: result: x86_64-unknown-linux-gnu
configure:1983: checking host system type
configure:1996: result: x86_64-pc-baremetal
configure:2016: checking target system type
configure:2029: result: x86_64-pc-baremetal
configure:2057: checking whether build environment is sane
configure:2094: result: yes
configure:2156: checking for gawk
configure:2183: result: gawk
configure:2194: checking whether make sets $(MAKE)
configure:2216: result: yes
configure:2281: checking for x86_64-pc-baremetal-strip
configure:2308: result: strip
configure:2587: checking for style of include used by make
configure:2615: result: GNU
configure:2642: checking for gcc
configure:2669: result: cc -B/home/mntmn/code/BareMetal/newlib/build/x86_64-pc-baremetal/newlib/ -isystem /home/mntmn/code/BareMetal/newlib/build/x86_64-pc-baremetal/newlib/targ-include -isystem /home/mntmn/code/BareMetal/newlib/newlib-2.2.0/newlib/libc/include -B/home/mntmn/code/BareMetal/newlib/build/x86_64-pc-baremetal/libgloss/x86_64 -L/home/mntmn/code/BareMetal/newlib/build/x86_64-pc-baremetal/libgloss/libnosys -L/home/mntmn/code/BareMetal/newlib/newlib-2.2.0/libgloss/x86_64   
configure:2680: checking dependency style of cc -B/home/mntmn/code/BareMetal/newlib/build/x86_64-pc-baremetal/newlib/ -isystem /home/mntmn/code/BareMetal/newlib/build/x86_64-pc-baremetal/newlib/targ-include -isystem /home/mntmn/code/BareMetal/newlib/newlib-2.2.0/newlib/libc/include -B/home/mntmn/code/BareMetal/newlib/build/x86_64-pc-baremetal/libgloss/x86_64 -L/home/mntmn/code/BareMetal/newlib/build/x86_64-pc-baremetal/libgloss/libnosys -L/home/mntmn/code/BareMetal/newlib/newlib-2.2.0/libgloss/x86_64   
configure:2770: result: gcc3
configure:2845: checking whether we are using GNU C
configure:2856: cc -B/home/mntmn/code/BareMetal/newlib/build/x86_64-pc-baremetal/newlib/ -isystem /home/mntmn/code/BareMetal/newlib/build/x86_64-pc-baremetal/newlib/targ-include -isystem /home/mntmn/code/BareMetal/newlib/newlib-2.2.0/newlib/libc/include -B/home/mntmn/code/BareMetal/newlib/build/x86_64-pc-baremetal/libgloss/x86_64 -L/home/mntmn/code/BareMetal/newlib/build/x86_64-pc-baremetal/libgloss/libnosys -L/home/mntmn/code/BareMetal/newlib/newlib-2.2.0/libgloss/x86_64    -E conftest.c
configure:2859: $? = 0
configure:2866: result: yes
configure:2876: checking whether cc -B/home/mntmn/code/BareMetal/newlib/build/x86_64-pc-baremetal/newlib/ -isystem /home/mntmn/code/BareMetal/newlib/build/x86_64-pc-baremetal/newlib/targ-include -isystem /home/mntmn/code/BareMetal/newlib/newlib-2.2.0/newlib/libc/include -B/home/mntmn/code/BareMetal/newlib/build/x86_64-pc-baremetal/libgloss/x86_64 -L/home/mntmn/code/BareMetal/newlib/build/x86_64-pc-baremetal/libgloss/libnosys -L/home/mntmn/code/BareMetal/newlib/newlib-2.2.0/libgloss/x86_64    accepts -g
configure:2896: cc -B/home/mntmn/code/BareMetal/newlib/build/x86_64-pc-baremetal/newlib/ -isystem /home/mntmn/code/BareMetal/newlib/build/x86_64-pc-baremetal/newlib/targ-include -isystem /home/mntmn/code/BareMetal/newlib/newlib-2.2.0/newlib/libc/include -B/home/mntmn/code/BareMetal/newlib/build/x86_64-pc-baremetal/libgloss/x86_64 -L/home/mntmn/code/BareMetal/newlib/build/x86_64-pc-baremetal/libgloss/libnosys -L/home/mntmn/code/BareMetal/newlib/newlib-2.2.0/libgloss/x86_64    -c -g  conftest.c >&5
configure:2896: $? = 0
configure: failed program was:
| /* confdefs.h */
| #define PACKAGE_NAME "libgloss"
| #define PACKAGE_TARNAME "libgloss"
| #define PACKAGE_VERSION "LIBGLOSS_VERSION"
| #define PACKAGE_STRING "libgloss LIBGLOSS_VERSION"
| #define PACKAGE_BUGREPORT ""
| #define PACKAGE_URL ""
| /* end confdefs.h.  */
| 
| int
| main ()
| {
| 
|   ;
|   return 0;
| }
configure:2911: cc -B/home/mntmn/code/BareMetal/newlib/build/x86_64-pc-baremetal/newlib/ -isystem /home/mntmn/code/BareMetal/newlib/build/x86_64-pc-baremetal/newlib/targ-include -isystem /home/mntmn/code/BareMetal/newlib/newlib-2.2.0/newlib/libc/include -B/home/mntmn/code/BareMetal/newlib/build/x86_64-pc-baremetal/libgloss/x86_64 -L/home/mntmn/code/BareMetal/newlib/build/x86_64-pc-baremetal/libgloss/libnosys -L/home/mntmn/code/BareMetal/newlib/newlib-2.2.0/libgloss/x86_64    -c   conftest.c >&5
configure:2911: $? = 0
configure: failed program was:
| /* confdefs.h */
| #define PACKAGE_NAME "libgloss"
| #define PACKAGE_TARNAME "libgloss"
| #define PACKAGE_VERSION "LIBGLOSS_VERSION"
| #define PACKAGE_STRING "libgloss LIBGLOSS_VERSION"
| #define PACKAGE_BUGREPORT ""
| #define PACKAGE_URL ""
| /* end confdefs.h.  */
| 
| int
| main ()
| {
| 
|   ;
|   return 0;
| }
configure:2927: cc -B/home/mntmn/code/BareMetal/newlib/build/x86_64-pc-baremetal/newlib/ -isystem /home/mntmn/code/BareMetal/newlib/build/x86_64-pc-baremetal/newlib/targ-include -isystem /home/mntmn/code/BareMetal/newlib/newlib-2.2.0/newlib/libc/include -B/home/mntmn/code/BareMetal/newlib/build/x86_64-pc-baremetal/libgloss/x86_64 -L/home/mntmn/code/BareMetal/newlib/build/x86_64-pc-baremetal/libgloss/libnosys -L/home/mntmn/code/BareMetal/newlib/newlib-2.2.0/libgloss/x86_64    -c -g  conftest.c >&5
configure:2927: $? = 0
configure: failed program was:
| /* confdefs.h */
| #define PACKAGE_NAME "libgloss"
| #define PACKAGE_TARNAME "libgloss"
| #define PACKAGE_VERSION "LIBGLOSS_VERSION"
| #define PACKAGE_STRING "libgloss LIBGLOSS_VERSION"
| #define PACKAGE_BUGREPORT ""
| #define PACKAGE_URL ""
| /* end confdefs.h.  */
| 
| int
| main ()
| {
| 
|   ;
|   return 0;
| }
configure:2937: result: no
configure:2970: checking for ar
configure:2998: result: ar
configure:3013: checking for x86_64-pc-baremetal-ranlib
configure:3040: result: ranlib
configure:3190: updating cache ./config.cache
configure:3283: creating ./config.status

## ---------------------- ##
## Running config.status. ##
## ---------------------- ##

This file was extended by libgloss config.status LIBGLOSS_VERSION, which was
generated by GNU Autoconf 2.68.  Invocation command line was

  CONFIG_FILES    = 
  CONFIG_HEADERS  = 
  CONFIG_LINKS    = 
  CONFIG_COMMANDS = 
  $ ./config.status 

on irata-debian

config.status:829: creating Makefile
config.status:985: executing depfiles commands
configure:4525: === configuring in doc (/home/mntmn/code/BareMetal/newlib/build/x86_64-pc-baremetal/libgloss/doc)
configure:4588: running /bin/bash ../../../../newlib-2.2.0/libgloss/doc/configure --disable-option-checking '--prefix=/usr/local'  '--with-newlib' '--with-cross-host=x86_64-unknown-linux-gnu' '--disable-multilib' '--program-transform-name=s&^&x86_64-pc-baremetal-&' '--with-target-subdir=x86_64-pc-baremetal' '--build=x86_64-unknown-linux-gnu' '--host=x86_64-pc-baremetal' '--target=x86_64-pc-baremetal' 'build_alias=x86_64-unknown-linux-gnu' 'host_alias=x86_64-pc-baremetal' 'target_alias=x86_64-pc-baremetal' --cache-file=.././config.cache --srcdir=../../../../newlib-2.2.0/libgloss/doc
configure:4525: === configuring in libnosys (/home/mntmn/code/BareMetal/newlib/build/x86_64-pc-baremetal/libgloss/libnosys)
configure:4588: running /bin/bash ../../../../newlib-2.2.0/libgloss/libnosys/configure --disable-option-checking '--prefix=/usr/local'  '--with-newlib' '--with-cross-host=x86_64-unknown-linux-gnu' '--disable-multilib' '--program-transform-name=s&^&x86_64-pc-baremetal-&' '--with-target-subdir=x86_64-pc-baremetal' '--build=x86_64-unknown-linux-gnu' '--host=x86_64-pc-baremetal' '--target=x86_64-pc-baremetal' 'build_alias=x86_64-unknown-linux-gnu' 'host_alias=x86_64-pc-baremetal' 'target_alias=x86_64-pc-baremetal' --cache-file=.././config.cache --srcdir=../../../../newlib-2.2.0/libgloss/libnosys

## ---------------- ##
## Cache variables. ##
## ---------------- ##

ac_cv_build=x86_64-unknown-linux-gnu
ac_cv_c_compiler_gnu=yes
ac_cv_env_CCASFLAGS_set=
ac_cv_env_CCASFLAGS_value=
ac_cv_env_CCAS_set=
ac_cv_env_CCAS_value=
ac_cv_env_build_alias_set=set
ac_cv_env_build_alias_value=x86_64-unknown-linux-gnu
ac_cv_env_host_alias_set=set
ac_cv_env_host_alias_value=x86_64-pc-baremetal
ac_cv_env_target_alias_set=set
ac_cv_env_target_alias_value=x86_64-pc-baremetal
ac_cv_host=x86_64-pc-baremetal
ac_cv_prog_AR=ar
ac_cv_prog_AWK=gawk
ac_cv_prog_CC='cc -B/home/mntmn/code/BareMetal/newlib/build/x86_64-pc-baremetal/newlib/ -isystem /home/mntmn/code/BareMetal/newlib/build/x86_64-pc-baremetal/newlib/targ-include -isystem /home/mntmn/code/BareMetal/newlib/newlib-2.2.0/newlib/libc/include -B/home/mntmn/code/BareMetal/newlib/build/x86_64-pc-baremetal/libgloss/x86_64 -L/home/mntmn/code/BareMetal/newlib/build/x86_64-pc-baremetal/libgloss/libnosys -L/home/mntmn/code/BareMetal/newlib/newlib-2.2.0/libgloss/x86_64   '
ac_cv_prog_RANLIB=ranlib
ac_cv_prog_STRIP=strip
ac_cv_prog_cc_g=no
ac_cv_prog_make_make_set=yes
ac_cv_target=x86_64-pc-baremetal
am_cv_CC_dependencies_compiler_type=gcc3

## ----------------- ##
## Output variables. ##
## ----------------- ##

ACLOCAL='${SHELL} /home/mntmn/code/BareMetal/newlib/newlib-2.2.0/missing --run aclocal-1.9'
AMDEPBACKSLASH='\'
AMDEP_FALSE='#'
AMDEP_TRUE=''
AMTAR='${SHELL} /home/mntmn/code/BareMetal/newlib/newlib-2.2.0/missing --run tar'
AR='ar'
AS='as'
AUTOCONF='${SHELL} /home/mntmn/code/BareMetal/newlib/newlib-2.2.0/missing --run autoconf'
AUTOHEADER='${SHELL} /home/mntmn/code/BareMetal/newlib/newlib-2.2.0/missing --run autoheader'
AUTOMAKE='${SHELL} /home/mntmn/code/BareMetal/newlib/newlib-2.2.0/missing --run automake-1.9'
AWK='gawk'
CC='cc -B/home/mntmn/code/BareMetal/newlib/build/x86_64-pc-baremetal/newlib/ -isystem /home/mntmn/code/BareMetal/newlib/build/x86_64-pc-baremetal/newlib/targ-include -isystem /home/mntmn/code/BareMetal/newlib/newlib-2.2.0/newlib/libc/include -B/home/mntmn/code/BareMetal/newlib/build/x86_64-pc-baremetal/libgloss/x86_64 -L/home/mntmn/code/BareMetal/newlib/build/x86_64-pc-baremetal/libgloss/libnosys -L/home/mntmn/code/BareMetal/newlib/newlib-2.2.0/libgloss/x86_64   '
CCAS='cc -B/home/mntmn/code/BareMetal/newlib/build/x86_64-pc-baremetal/newlib/ -isystem /home/mntmn/code/BareMetal/newlib/build/x86_64-pc-baremetal/newlib/targ-include -isystem /home/mntmn/code/BareMetal/newlib/newlib-2.2.0/newlib/libc/include -B/home/mntmn/code/BareMetal/newlib/build/x86_64-pc-baremetal/libgloss/x86_64 -L/home/mntmn/code/BareMetal/newlib/build/x86_64-pc-baremetal/libgloss/libnosys -L/home/mntmn/code/BareMetal/newlib/newlib-2.2.0/libgloss/x86_64   '
CCASFLAGS=''
CCDEPMODE='depmode=gcc3'
CYGPATH_W='echo'
DEFS='-DPACKAGE_NAME=\"libgloss\" -DPACKAGE_TARNAME=\"libgloss\" -DPACKAGE_VERSION=\"LIBGLOSS_VERSION\" -DPACKAGE_STRING=\"libgloss\ LIBGLOSS_VERSION\" -DPACKAGE_BUGREPORT=\"\" -DPACKAGE_URL=\"\"'
DEPDIR='.deps'
ECHO_C=''
ECHO_N='-n'
ECHO_T=''
INSTALL_DATA='/usr/bin/install -c -m 644'
INSTALL_PROGRAM='/usr/bin/install -c'
INSTALL_SCRIPT='/usr/bin/install -c'
INSTALL_STRIP_PROGRAM='${SHELL} $(install_sh) -c -s'
LD='ld'
LIBOBJS=''
LIBS=''
LTLIBOBJS=''
MAKEINFO='makeinfo --split-size=5000000'
PACKAGE='libgloss'
PACKAGE_BUGREPORT=''
PACKAGE_NAME='libgloss'
PACKAGE_STRING='libgloss LIBGLOSS_VERSION'
PACKAGE_TARNAME='libgloss'
PACKAGE_URL=''
PACKAGE_VERSION='LIBGLOSS_VERSION'
PATH_SEPARATOR=':'
RANLIB='ranlib'
SET_MAKE=''
SHELL='/bin/bash'
STRIP='strip'
VERSION='LIBGLOSS_VERSION'
am__fastdepCC_FALSE='#'
am__fastdepCC_TRUE=''
am__include='include'
am__leading_dot='.'
am__quote=''
am__tar='${AMTAR} chof - "$$tardir"'
am__untar='${AMTAR} xf -'
bindir='${exec_prefix}/bin'
build='x86_64-unknown-linux-gnu'
build_alias='x86_64-unknown-linux-gnu'
build_cpu='x86_64'
build_os='linux-gnu'
build_vendor='unknown'
datadir='${datarootdir}'
datarootdir='${prefix}/share'
docdir='${datarootdir}/doc/${PACKAGE_TARNAME}'
dvidir='${docdir}'
exec_prefix='${prefix}'
host='x86_64-pc-baremetal'
host_alias='x86_64-pc-baremetal'
host_cpu='x86_64'
host_makefile_frag_path='../../../newlib-2.2.0/libgloss/config/default.mh'
host_os='baremetal'
host_vendor='pc'
htmldir='${docdir}'
includedir='${prefix}/include'
infodir='${datarootdir}/info'
install_sh='/home/mntmn/code/BareMetal/newlib/newlib-2.2.0/install-sh'
libdir='${exec_prefix}/lib'
libexecdir='${exec_prefix}/libexec'
localedir='${datarootdir}/locale'
localstatedir='${prefix}/var'
mandir='${datarootdir}/man'
mkdir_p='mkdir -p --'
oldincludedir='/usr/include'
pdfdir='${docdir}'
prefix='/usr/local'
program_transform_name='s&^&x86_64-pc-baremetal-&'
psdir='${docdir}'
sbindir='${exec_prefix}/sbin'
sharedstatedir='${prefix}/com'
subdirs=' doc libnosys'
sysconfdir='${prefix}/etc'
target='x86_64-pc-baremetal'
target_alias='x86_64-pc-baremetal'
target_cpu='x86_64'
target_os='baremetal'
target_vendor='pc'

## ------------------- ##
## File substitutions. ##
## ------------------- ##

host_makefile_frag='../../../newlib-2.2.0/libgloss/config/default.mh'

## ----------- ##
## confdefs.h. ##
## ----------- ##

/* confdefs.h */
#define PACKAGE_NAME "libgloss"
#define PACKAGE_TARNAME "libgloss"
#define PACKAGE_VERSION "LIBGLOSS_VERSION"
#define PACKAGE_STRING "libgloss LIBGLOSS_VERSION"
#define PACKAGE_BUGREPORT ""
#define PACKAGE_URL ""

configure: exit 0
