This file contains any messages produced by compilers while
running configure, to aid debugging if configure makes a mistake.

It was created by newlib configure 2.2.0, which was
generated by GNU Autoconf 2.68.  Invocation command line was

  $ ../../../../newlib-2.2.0/newlib/libc/configure --disable-option-checking --prefix=/usr/local --with-newlib --with-cross-host=x86_64-unknown-linux-gnu --disable-multilib --program-transform-name=s&^&x86_64-pc-baremetal-& --with-target-subdir=x86_64-pc-baremetal --build=x86_64-unknown-linux-gnu --host=x86_64-pc-baremetal --target=x86_64-pc-baremetal build_alias=x86_64-unknown-linux-gnu host_alias=x86_64-pc-baremetal target_alias=x86_64-pc-baremetal CC=cc -B/home/mntmn/code/BareMetal/newlib/build/x86_64-pc-baremetal/newlib/ -isystem /home/mntmn/code/BareMetal/newlib/build/x86_64-pc-baremetal/newlib/targ-include -isystem /home/mntmn/code/BareMetal/newlib/newlib-2.2.0/newlib/libc/include -B/home/mntmn/code/BareMetal/newlib/build/x86_64-pc-baremetal/libgloss/x86_64 -L/home/mntmn/code/BareMetal/newlib/build/x86_64-pc-baremetal/libgloss/libnosys -L/home/mntmn/code/BareMetal/newlib/newlib-2.2.0/libgloss/x86_64    CFLAGS=-g -O2 LDFLAGS= CPPFLAGS= --cache-file=.././config.cache --srcdir=../../../../newlib-2.2.0/newlib/libc

## --------- ##
## Platform. ##
## --------- ##

hostname = irata-debian
uname -m = x86_64
uname -r = 3.16.0-4-amd64
uname -s = Linux
uname -v = #1 SMP Debian 3.16.7-ckt2-1 (2014-12-08)

/usr/bin/uname -p = unknown
/bin/uname -X     = unknown

/bin/arch              = unknown
/usr/bin/arch -k       = unknown
/usr/convex/getsysinfo = unknown
/usr/bin/hostinfo      = unknown
/bin/machine           = unknown
/usr/bin/oslevel       = unknown
/bin/universe          = unknown

PATH: /home/mntmn/bin
PATH: /usr/local/bin
PATH: /usr/bin
PATH: /bin
PATH: /usr/local/games
PATH: /usr/games
PATH: /home/mntmn/bin
PATH: /home/mntmn/bin


## ----------- ##
## Core tests. ##
## ----------- ##

configure:2099: loading cache .././config.cache
configure:2260: checking build system type
configure:2274: result: x86_64-unknown-linux-gnu
configure:2294: checking host system type
configure:2307: result: x86_64-pc-baremetal
configure:2343: checking for a BSD-compatible install
configure:2411: result: /usr/bin/install -c
configure:2422: checking whether build environment is sane
configure:2472: result: yes
configure:2521: checking for x86_64-pc-baremetal-strip
configure:2548: result: strip
configure:2613: checking for a thread-safe mkdir -p
configure:2652: result: /bin/mkdir -p
configure:2665: checking for gawk
configure:2692: result: gawk
configure:2703: checking whether make sets $(MAKE)
configure:2725: result: yes
configure:2755: checking for style of include used by make
configure:2783: result: GNU
configure:2993: checking for gcc
configure:3020: result: cc -B/home/mntmn/code/BareMetal/newlib/build/x86_64-pc-baremetal/newlib/ -isystem /home/mntmn/code/BareMetal/newlib/build/x86_64-pc-baremetal/newlib/targ-include -isystem /home/mntmn/code/BareMetal/newlib/newlib-2.2.0/newlib/libc/include -B/home/mntmn/code/BareMetal/newlib/build/x86_64-pc-baremetal/libgloss/x86_64 -L/home/mntmn/code/BareMetal/newlib/build/x86_64-pc-baremetal/libgloss/libnosys -L/home/mntmn/code/BareMetal/newlib/newlib-2.2.0/libgloss/x86_64   
configure:3031: checking dependency style of cc -B/home/mntmn/code/BareMetal/newlib/build/x86_64-pc-baremetal/newlib/ -isystem /home/mntmn/code/BareMetal/newlib/build/x86_64-pc-baremetal/newlib/targ-include -isystem /home/mntmn/code/BareMetal/newlib/newlib-2.2.0/newlib/libc/include -B/home/mntmn/code/BareMetal/newlib/build/x86_64-pc-baremetal/libgloss/x86_64 -L/home/mntmn/code/BareMetal/newlib/build/x86_64-pc-baremetal/libgloss/libnosys -L/home/mntmn/code/BareMetal/newlib/newlib-2.2.0/libgloss/x86_64   
configure:3142: result: gcc3
configure:3215: checking whether we are using GNU C
configure:3236: result: yes
configure:3245: checking whether cc -B/home/mntmn/code/BareMetal/newlib/build/x86_64-pc-baremetal/newlib/ -isystem /home/mntmn/code/BareMetal/newlib/build/x86_64-pc-baremetal/newlib/targ-include -isystem /home/mntmn/code/BareMetal/newlib/newlib-2.2.0/newlib/libc/include -B/home/mntmn/code/BareMetal/newlib/build/x86_64-pc-baremetal/libgloss/x86_64 -L/home/mntmn/code/BareMetal/newlib/build/x86_64-pc-baremetal/libgloss/libnosys -L/home/mntmn/code/BareMetal/newlib/newlib-2.2.0/libgloss/x86_64    accepts -g
configure:3306: result: no
configure:3339: checking for x86_64-pc-baremetal-as
configure:3366: result: as
configure:3431: checking for x86_64-pc-baremetal-ar
configure:3458: result: ar
configure:3523: checking for x86_64-pc-baremetal-ranlib
configure:3550: result: ranlib
configure:3615: checking for x86_64-pc-baremetal-readelf
configure:3642: result: readelf
configure:3711: checking whether to enable maintainer-specific portions of Makefiles
configure:3720: result: no
configure:3839: checking for a sed that does not truncate output
configure:3903: result: /bin/sed
configure:3925: checking how to print strings
configure:3952: result: printf
configure:12046: checking Checking long double support
configure:12070: result: yes
configure:12348: creating ./config.status

## ---------------------- ##
## Running config.status. ##
## ---------------------- ##

This file was extended by newlib config.status 2.2.0, which was
generated by GNU Autoconf 2.68.  Invocation command line was

  CONFIG_FILES    = 
  CONFIG_HEADERS  = 
  CONFIG_LINKS    = 
  CONFIG_COMMANDS = 
  $ ./config.status 

on irata-debian

config.status:1095: creating Makefile
config.status:1095: creating argz/Makefile
config.status:1095: creating ctype/Makefile
config.status:1095: creating errno/Makefile
config.status:1095: creating locale/Makefile
config.status:1095: creating misc/Makefile
config.status:1095: creating reent/Makefile
config.status:1095: creating search/Makefile
config.status:1095: creating stdio/Makefile
config.status:1095: creating stdio64/Makefile
config.status:1095: creating stdlib/Makefile
config.status:1095: creating string/Makefile
config.status:1095: creating time/Makefile
config.status:1095: creating posix/Makefile
config.status:1095: creating signal/Makefile
config.status:1095: creating syscalls/Makefile
config.status:1095: creating unix/Makefile
config.status:1095: creating iconv/Makefile
config.status:1095: creating iconv/ces/Makefile
config.status:1095: creating iconv/ccs/Makefile
config.status:1095: creating iconv/ccs/binary/Makefile
config.status:1095: creating iconv/lib/Makefile
config.status:1095: creating xdr/Makefile
config.status:1252: executing depfiles commands
configure:14489: === configuring in machine (/home/mntmn/code/BareMetal/newlib/build/x86_64-pc-baremetal/newlib/libc/machine)
configure:14552: running /bin/bash ../../../../../newlib-2.2.0/newlib/libc/machine/configure --disable-option-checking '--prefix=/usr/local'  '--with-newlib' '--with-cross-host=x86_64-unknown-linux-gnu' '--disable-multilib' '--program-transform-name=s&^&x86_64-pc-baremetal-&' '--with-target-subdir=x86_64-pc-baremetal' '--build=x86_64-unknown-linux-gnu' '--host=x86_64-pc-baremetal' '--target=x86_64-pc-baremetal' 'build_alias=x86_64-unknown-linux-gnu' 'host_alias=x86_64-pc-baremetal' 'target_alias=x86_64-pc-baremetal' 'CC=cc -B/home/mntmn/code/BareMetal/newlib/build/x86_64-pc-baremetal/newlib/ -isystem /home/mntmn/code/BareMetal/newlib/build/x86_64-pc-baremetal/newlib/targ-include -isystem /home/mntmn/code/BareMetal/newlib/newlib-2.2.0/newlib/libc/include -B/home/mntmn/code/BareMetal/newlib/build/x86_64-pc-baremetal/libgloss/x86_64 -L/home/mntmn/code/BareMetal/newlib/build/x86_64-pc-baremetal/libgloss/libnosys -L/home/mntmn/code/BareMetal/newlib/newlib-2.2.0/libgloss/x86_64   ' 'CFLAGS=-g -O2' 'LDFLAGS=' 'CPPFLAGS=' --cache-file=../.././config.cache --srcdir=../../../../../newlib-2.2.0/newlib/libc/machine
configure:14489: === configuring in sys (/home/mntmn/code/BareMetal/newlib/build/x86_64-pc-baremetal/newlib/libc/sys)
configure:14552: running /bin/bash ../../../../../newlib-2.2.0/newlib/libc/sys/configure --disable-option-checking '--prefix=/usr/local'  '--with-newlib' '--with-cross-host=x86_64-unknown-linux-gnu' '--disable-multilib' '--program-transform-name=s&^&x86_64-pc-baremetal-&' '--with-target-subdir=x86_64-pc-baremetal' '--build=x86_64-unknown-linux-gnu' '--host=x86_64-pc-baremetal' '--target=x86_64-pc-baremetal' 'build_alias=x86_64-unknown-linux-gnu' 'host_alias=x86_64-pc-baremetal' 'target_alias=x86_64-pc-baremetal' 'CC=cc -B/home/mntmn/code/BareMetal/newlib/build/x86_64-pc-baremetal/newlib/ -isystem /home/mntmn/code/BareMetal/newlib/build/x86_64-pc-baremetal/newlib/targ-include -isystem /home/mntmn/code/BareMetal/newlib/newlib-2.2.0/newlib/libc/include -B/home/mntmn/code/BareMetal/newlib/build/x86_64-pc-baremetal/libgloss/x86_64 -L/home/mntmn/code/BareMetal/newlib/build/x86_64-pc-baremetal/libgloss/libnosys -L/home/mntmn/code/BareMetal/newlib/newlib-2.2.0/libgloss/x86_64   ' 'CFLAGS=-g -O2' 'LDFLAGS=' 'CPPFLAGS=' --cache-file=../.././config.cache --srcdir=../../../../../newlib-2.2.0/newlib/libc/sys

## ---------------- ##
## Cache variables. ##
## ---------------- ##

ac_cv_build=x86_64-unknown-linux-gnu
ac_cv_c_compiler_gnu=yes
ac_cv_env_CCASFLAGS_set=
ac_cv_env_CCASFLAGS_value=
ac_cv_env_CCAS_set=
ac_cv_env_CCAS_value=
ac_cv_env_CC_set=set
ac_cv_env_CC_value='cc -B/home/mntmn/code/BareMetal/newlib/build/x86_64-pc-baremetal/newlib/ -isystem /home/mntmn/code/BareMetal/newlib/build/x86_64-pc-baremetal/newlib/targ-include -isystem /home/mntmn/code/BareMetal/newlib/newlib-2.2.0/newlib/libc/include -B/home/mntmn/code/BareMetal/newlib/build/x86_64-pc-baremetal/libgloss/x86_64 -L/home/mntmn/code/BareMetal/newlib/build/x86_64-pc-baremetal/libgloss/libnosys -L/home/mntmn/code/BareMetal/newlib/newlib-2.2.0/libgloss/x86_64   '
ac_cv_env_CFLAGS_set=set
ac_cv_env_CFLAGS_value='-g -O2'
ac_cv_env_CPPFLAGS_set=set
ac_cv_env_CPPFLAGS_value=
ac_cv_env_CPP_set=
ac_cv_env_CPP_value=
ac_cv_env_LDFLAGS_set=set
ac_cv_env_LDFLAGS_value=
ac_cv_env_LIBS_set=
ac_cv_env_LIBS_value=
ac_cv_env_build_alias_set=set
ac_cv_env_build_alias_value=x86_64-unknown-linux-gnu
ac_cv_env_host_alias_set=set
ac_cv_env_host_alias_value=x86_64-pc-baremetal
ac_cv_env_target_alias_set=set
ac_cv_env_target_alias_value=x86_64-pc-baremetal
ac_cv_host=x86_64-pc-baremetal
ac_cv_path_SED=/bin/sed
ac_cv_path_mkdir=/bin/mkdir
ac_cv_prog_AR=ar
ac_cv_prog_AS=as
ac_cv_prog_AWK=gawk
ac_cv_prog_CC='cc -B/home/mntmn/code/BareMetal/newlib/build/x86_64-pc-baremetal/newlib/ -isystem /home/mntmn/code/BareMetal/newlib/build/x86_64-pc-baremetal/newlib/targ-include -isystem /home/mntmn/code/BareMetal/newlib/newlib-2.2.0/newlib/libc/include -B/home/mntmn/code/BareMetal/newlib/build/x86_64-pc-baremetal/libgloss/x86_64 -L/home/mntmn/code/BareMetal/newlib/build/x86_64-pc-baremetal/libgloss/libnosys -L/home/mntmn/code/BareMetal/newlib/newlib-2.2.0/libgloss/x86_64   '
ac_cv_prog_RANLIB=ranlib
ac_cv_prog_READELF=readelf
ac_cv_prog_STRIP=strip
ac_cv_prog_cc_g=no
ac_cv_prog_make_make_set=yes
acnewlib_cv_type_long_double=yes
am_cv_CC_dependencies_compiler_type=gcc3
libc_cv_cc_loop_to_function=yes
libc_cv_initfinit_array=yes
newlib_cv_ldbl_eq_dbl=no
newlib_cv_uintptr_eq_ulong=yes
newlib_cv_uintptr_eq_ulonglong=no

## ----------------- ##
## Output variables. ##
## ----------------- ##

ACLOCAL='${SHELL} /home/mntmn/code/BareMetal/newlib/newlib-2.2.0/missing --run aclocal-1.11'
AMDEPBACKSLASH='\'
AMDEP_FALSE='#'
AMDEP_TRUE=''
AMTAR='$${TAR-tar}'
AR='ar'
AS='as'
AUTOCONF='${SHELL} /home/mntmn/code/BareMetal/newlib/newlib-2.2.0/missing --run autoconf'
AUTOHEADER='${SHELL} /home/mntmn/code/BareMetal/newlib/newlib-2.2.0/missing --run autoheader'
AUTOMAKE='${SHELL} /home/mntmn/code/BareMetal/newlib/newlib-2.2.0/missing --run automake-1.11'
AWK='gawk'
CC='cc -B/home/mntmn/code/BareMetal/newlib/build/x86_64-pc-baremetal/newlib/ -isystem /home/mntmn/code/BareMetal/newlib/build/x86_64-pc-baremetal/newlib/targ-include -isystem /home/mntmn/code/BareMetal/newlib/newlib-2.2.0/newlib/libc/include -B/home/mntmn/code/BareMetal/newlib/build/x86_64-pc-baremetal/libgloss/x86_64 -L/home/mntmn/code/BareMetal/newlib/build/x86_64-pc-baremetal/libgloss/libnosys -L/home/mntmn/code/BareMetal/newlib/newlib-2.2.0/libgloss/x86_64   '
CCAS='cc -B/home/mntmn/code/BareMetal/newlib/build/x86_64-pc-baremetal/newlib/ -isystem /home/mntmn/code/BareMetal/newlib/build/x86_64-pc-baremetal/newlib/targ-include -isystem /home/mntmn/code/BareMetal/newlib/newlib-2.2.0/newlib/libc/include -B/home/mntmn/code/BareMetal/newlib/build/x86_64-pc-baremetal/libgloss/x86_64 -L/home/mntmn/code/BareMetal/newlib/build/x86_64-pc-baremetal/libgloss/libnosys -L/home/mntmn/code/BareMetal/newlib/newlib-2.2.0/libgloss/x86_64   '
CCASFLAGS='-g -O2'
CCDEPMODE='depmode=gcc3'
CFLAGS='-g -O2'
CPP=''
CPPFLAGS=''
CRT0='crt0.o'
CYGPATH_W='echo'
DEFS='-DPACKAGE_NAME=\"newlib\" -DPACKAGE_TARNAME=\"newlib\" -DPACKAGE_VERSION=\"2.2.0\" -DPACKAGE_STRING=\"newlib\ 2.2.0\" -DPACKAGE_BUGREPORT=\"\" -DPACKAGE_URL=\"\"'
DEPDIR='.deps'
DLLTOOL='dlltool'
DSYMUTIL=''
DUMPBIN=''
ECHO_C=''
ECHO_N='-n'
ECHO_T=''
EGREP=''
ELIX_LEVEL_0_FALSE='#'
ELIX_LEVEL_0_TRUE=''
ELIX_LEVEL_1_FALSE=''
ELIX_LEVEL_1_TRUE='#'
ELIX_LEVEL_2_FALSE=''
ELIX_LEVEL_2_TRUE='#'
ELIX_LEVEL_3_FALSE=''
ELIX_LEVEL_3_TRUE='#'
ELIX_LEVEL_4_FALSE=''
ELIX_LEVEL_4_TRUE='#'
ENABLE_NEWLIB_ICONV_FALSE=''
ENABLE_NEWLIB_ICONV_TRUE='#'
EXEEXT=''
FGREP=''
GREP=''
HAVE_LONG_DOUBLE_FALSE='#'
HAVE_LONG_DOUBLE_TRUE=''
HAVE_POSIX_DIR_FALSE=''
HAVE_POSIX_DIR_TRUE='#'
HAVE_SIGNAL_DIR_FALSE='#'
HAVE_SIGNAL_DIR_TRUE=''
HAVE_STDIO64_DIR_FALSE=''
HAVE_STDIO64_DIR_TRUE='#'
HAVE_STDIO_DIR_FALSE='#'
HAVE_STDIO_DIR_TRUE=''
HAVE_SYSCALL_DIR_FALSE=''
HAVE_SYSCALL_DIR_TRUE='#'
HAVE_UNIX_DIR_FALSE=''
HAVE_UNIX_DIR_TRUE='#'
HAVE_XDR_DIR_FALSE=''
HAVE_XDR_DIR_TRUE='#'
INSTALL_DATA='/usr/bin/install -c -m 644'
INSTALL_PROGRAM='/usr/bin/install -c'
INSTALL_SCRIPT='/usr/bin/install -c'
INSTALL_STRIP_PROGRAM='$(install_sh) -c -s'
LD='ld'
LDFLAGS=''
LIBC_EXTRA_DEF=''
LIBC_EXTRA_LIB=''
LIBC_MACHINE_LIB='machine/lib.a'
LIBC_POSIX_DEF=''
LIBC_POSIX_LIB=''
LIBC_SIGNAL_DEF='signal/stmp-def'
LIBC_SIGNAL_LIB='signal/lib.a'
LIBC_STDIO64_DEF=''
LIBC_STDIO64_LIB=''
LIBC_STDIO_DEF='stdio/stmp-def'
LIBC_STDIO_LIB='stdio/lib.a'
LIBC_SYSCALL_LIB=''
LIBC_SYS_LIB='sys/lib.a'
LIBC_UNIX_LIB=''
LIBC_XDR_DEF=''
LIBC_XDR_LIB=''
LIBOBJS=''
LIBS=''
LIBTOOL=''
LIPO='lipo'
LN_S=''
LTLIBOBJS=''
MAINT='#'
MAINTAINER_MODE_FALSE=''
MAINTAINER_MODE_TRUE='#'
MAKEINFO='makeinfo --split-size=5000000'
MAY_SUPPLY_SYSCALLS_FALSE='#'
MAY_SUPPLY_SYSCALLS_TRUE=''
MKDIR_P='/bin/mkdir -p'
NEWLIB_CFLAGS=' -DMISSING_SYSCALL_NAMES -fno-builtin'
NEWLIB_NANO_FORMATTED_IO_FALSE=''
NEWLIB_NANO_FORMATTED_IO_TRUE='#'
NEWLIB_NANO_MALLOC_FALSE=''
NEWLIB_NANO_MALLOC_TRUE='#'
NM='nm'
NMEDIT=''
NO_INCLUDE_LIST=' rpc/types.h rpc/xdr.h'
OBJDUMP='objdump'
OBJEXT='o'
OTOOL64=''
OTOOL=''
PACKAGE='newlib'
PACKAGE_BUGREPORT=''
PACKAGE_NAME='newlib'
PACKAGE_STRING='newlib 2.2.0'
PACKAGE_TARNAME='newlib'
PACKAGE_URL=''
PACKAGE_VERSION='2.2.0'
PATH_SEPARATOR=':'
RANLIB='ranlib'
READELF='readelf'
SED='/bin/sed'
SET_MAKE=''
SHELL='/bin/bash'
STRIP='strip'
USE_LIBTOOL_FALSE=''
USE_LIBTOOL_TRUE='#'
VERSION='2.2.0'
ac_ct_CC=''
ac_ct_DUMPBIN=''
aext='a'
am__EXEEXT_FALSE=''
am__EXEEXT_TRUE='#'
am__fastdepCC_FALSE='#'
am__fastdepCC_TRUE=''
am__include='include'
am__isrc=' -I$(srcdir)'
am__leading_dot='.'
am__nodep='_no'
am__quote=''
am__tar='$${TAR-tar} chof - "$$tardir"'
am__untar='$${TAR-tar} xf -'
bindir='${exec_prefix}/bin'
build='x86_64-unknown-linux-gnu'
build_alias='x86_64-unknown-linux-gnu'
build_cpu='x86_64'
build_os='linux-gnu'
build_vendor='unknown'
datadir='${datarootdir}'
datarootdir='${prefix}/share'
docdir='${datarootdir}/doc/${PACKAGE_TARNAME}'
dvidir='${docdir}'
exec_prefix='${prefix}'
extra_dir=''
host='x86_64-pc-baremetal'
host_alias='x86_64-pc-baremetal'
host_cpu='x86_64'
host_os='baremetal'
host_vendor='pc'
htmldir='${docdir}'
includedir='${prefix}/include'
infodir='${datarootdir}/info'
install_sh='${SHELL} /home/mntmn/code/BareMetal/newlib/newlib-2.2.0/install-sh'
libdir='${exec_prefix}/lib'
libexecdir='${exec_prefix}/libexec'
libm_machine_dir=''
localedir='${datarootdir}/locale'
localstatedir='${prefix}/var'
lpfx='lib_a-'
machine_dir='x86_64'
mandir='${datarootdir}/man'
mkdir_p='/bin/mkdir -p'
newlib_basedir='../../../../newlib-2.2.0/newlib/libc/..'
oext='o'
oldincludedir='/usr/include'
pdfdir='${docdir}'
prefix='/usr/local'
program_transform_name='s&^&x86_64-pc-baremetal-&'
psdir='${docdir}'
sbindir='${exec_prefix}/sbin'
sharedstatedir='${prefix}/com'
subdirs=' machine sys'
sys_dir='baremetal'
sysconfdir='${prefix}/etc'
target_alias='x86_64-pc-baremetal'

## ----------- ##
## confdefs.h. ##
## ----------- ##

/* confdefs.h */
#define PACKAGE_NAME "newlib"
#define PACKAGE_TARNAME "newlib"
#define PACKAGE_VERSION "2.2.0"
#define PACKAGE_STRING "newlib 2.2.0"
#define PACKAGE_BUGREPORT ""
#define PACKAGE_URL ""

configure: exit 0
